<?xml version="1.0" encoding="UTF-8"?>
<!-- Generated by org.testng.reporters.JUnitReportReporter -->
<testsuite hostname="DELL" failures="0" tests="1" name="qaclickacademy1.MavenJava1.AppiumTest" time="0.014" errors="0" timestamp="2021-07-13T10:08:58 IST" skipped="0">
  <testcase classname="qaclickacademy1.MavenJava1.AppiumTest" name="nativeApp" time="0.014"/>
  <system-out/>
</testsuite> <!-- qaclickacademy1.MavenJava1.AppiumTest -->
