<?xml version="1.0" encoding="UTF-8"?>
<!-- Generated by org.testng.reporters.JUnitReportReporter -->
<testsuite skipped="0" hostname="DELL" name="qaclickacademy1.MavenJava1.sampleTest" tests="1" failures="0" timestamp="2021-07-16T11:57:24 IST" time="0.001" errors="0">
  <testcase name="sample1" time="0.001" classname="qaclickacademy1.MavenJava1.sampleTest"/>
  <system-out/>
</testsuite> <!-- qaclickacademy1.MavenJava1.sampleTest -->
