<?xml version="1.0" encoding="UTF-8"?>
<!-- Generated by org.testng.reporters.JUnitReportReporter -->
<testsuite skipped="0" hostname="DELL" name="qaclickacademy1.MavenJava1.RESTAPITest" tests="2" failures="0" timestamp="2021-07-16T11:57:24 IST" time="0.000" errors="0">
  <testcase name="twitterdelete" time="0.000" classname="qaclickacademy1.MavenJava1.RESTAPITest"/>
  <system-out/>
  <testcase name="postJira" time="0.000" classname="qaclickacademy1.MavenJava1.RESTAPITest"/>
  <system-out/>
</testsuite> <!-- qaclickacademy1.MavenJava1.RESTAPITest -->
